<?xml version="1.0" encoding="UTF-8"?>
<!-- Generated by org.testng.reporters.JUnitReportReporter -->
<testsuite hostname="ASV" failures="0" tests="1" name="vishnuasautomation.tests.ErrorValidationTest" time="3.505" errors="0" timestamp="2025-05-18T01:00:40 IST" skipped="0">
  <testcase classname="vishnuasautomation.tests.ErrorValidationTest" name="errorValidation" time="3.505"/>
</testsuite> <!-- vishnuasautomation.tests.ErrorValidationTest -->
