<?xml version="1.0" encoding="UTF-8"?>
<!-- Generated by org.testng.reporters.JUnitReportReporter -->
<testsuite hostname="ASV" failures="0" tests="2" name="vishnuasautomation.tests.ParameterizationusingjsonTest" time="38.926" errors="0" timestamp="2025-05-18T00:36:07 IST" skipped="0">
  <testcase classname="vishnuasautomation.tests.ParameterizationusingjsonTest" name="standAloneNewTwo" time="19.772"/>
  <testcase classname="vishnuasautomation.tests.ParameterizationusingjsonTest" name="standAloneNewTwo" time="19.154"/>
</testsuite> <!-- vishnuasautomation.tests.ParameterizationusingjsonTest -->
