<?xml version="1.0" encoding="UTF-8"?>
<!-- Generated by org.testng.reporters.JUnitReportReporter -->
<testsuite hostname="ASV" failures="0" tests="2" name="vishnuasautomation.tests.StandAloneTest" time="34.925" errors="0" timestamp="2025-05-17T23:19:07 IST" skipped="0">
  <testcase classname="vishnuasautomation.tests.StandAloneTest" name="orderHistoryTest" time="3.094"/>
  <testcase classname="vishnuasautomation.tests.StandAloneTest" name="standAlone" time="31.831"/>
</testsuite> <!-- vishnuasautomation.tests.StandAloneTest -->
