<?xml version="1.0" encoding="UTF-8"?>
<!-- Generated by org.testng.reporters.JUnitReportReporter -->
<testsuite hostname="ASV" failures="0" tests="2" name="vishnuasautomation.tests.ParameterizationusingjsonTest" time="31.435" errors="0" timestamp="2025-05-20T16:40:40 IST" skipped="0">
  <testcase classname="vishnuasautomation.tests.ParameterizationusingjsonTest" name="standAloneNewTwo" time="22.980"/>
  <testcase classname="vishnuasautomation.tests.ParameterizationusingjsonTest" name="standAloneNewTwo" time="8.455"/>
</testsuite> <!-- vishnuasautomation.tests.ParameterizationusingjsonTest -->
