<?xml version="1.0" encoding="UTF-8"?>
<!-- Generated by org.testng.reporters.JUnitReportReporter -->
<testsuite hostname="ASV" failures="0" tests="1" name="vishnuasautomation.tests.ErrorValidationTest" time="6.584" errors="0" timestamp="2025-05-20T16:40:40 IST" skipped="0">
  <testcase classname="vishnuasautomation.tests.ErrorValidationTest" name="errorValidation" time="6.584"/>
</testsuite> <!-- vishnuasautomation.tests.ErrorValidationTest -->
